{"/Users/blue/Desktop/code/aptiv/aptiv-test/app.js": {"path":"/Users/blue/Desktop/code/aptiv/aptiv-test/app.js","statementMap":{"0":{"start":{"line":1,"column":16},"end":{"line":1,"column":34}},"1":{"start":{"line":2,"column":22},"end":{"line":2,"column":51}},"2":{"start":{"line":3,"column":15},"end":{"line":3,"column":38}},"3":{"start":{"line":4,"column":16},"end":{"line":4,"column":49}},"4":{"start":{"line":5,"column":16},"end":{"line":5,"column":45}},"5":{"start":{"line":5,"column":65},"end":{"line":5,"column":90}},"6":{"start":{"line":8,"column":19},"end":{"line":8,"column":41}},"7":{"start":{"line":9,"column":15},"end":{"line":9,"column":32}},"8":{"start":{"line":12,"column":12},"end":{"line":12,"column":21}},"9":{"start":{"line":14,"column":0},"end":{"line":14,"column":42}},"10":{"start":{"line":16,"column":0},"end":{"line":16,"column":27}},"11":{"start":{"line":17,"column":0},"end":{"line":17,"column":52}},"12":{"start":{"line":19,"column":0},"end":{"line":19,"column":25}},"13":{"start":{"line":21,"column":0},"end":{"line":21,"column":24}},"14":{"start":{"line":22,"column":0},"end":{"line":22,"column":72}},"15":{"start":{"line":25,"column":0},"end":{"line":25,"column":21}}},"fnMap":{},"branchMap":{},"s":{"0":3,"1":3,"2":3,"3":3,"4":3,"5":3,"6":3,"7":3,"8":3,"9":3,"10":3,"11":3,"12":3,"13":3,"14":3,"15":3},"f":{},"b":{},"_coverageSchema":"1a1c01bbd47fc00a2c39e90264f33305004495a9","hash":"f4be1fa826a081b66236e672df5b14fd7555dace"}
,"/Users/blue/Desktop/code/aptiv/aptiv-test/app/routes.js": {"path":"/Users/blue/Desktop/code/aptiv/aptiv-test/app/routes.js","statementMap":{"0":{"start":{"line":1,"column":16},"end":{"line":1,"column":34}},"1":{"start":{"line":2,"column":15},"end":{"line":2,"column":31}},"2":{"start":{"line":5,"column":26},"end":{"line":5,"column":68}},"3":{"start":{"line":6,"column":24},"end":{"line":6,"column":69}},"4":{"start":{"line":7,"column":23},"end":{"line":7,"column":67}},"5":{"start":{"line":9,"column":0},"end":{"line":9,"column":60}},"6":{"start":{"line":10,"column":0},"end":{"line":10,"column":59}},"7":{"start":{"line":11,"column":0},"end":{"line":11,"column":57}},"8":{"start":{"line":12,"column":0},"end":{"line":12,"column":61}},"9":{"start":{"line":14,"column":0},"end":{"line":14,"column":24}}},"fnMap":{},"branchMap":{},"s":{"0":3,"1":3,"2":3,"3":3,"4":3,"5":3,"6":3,"7":3,"8":3,"9":3},"f":{},"b":{},"_coverageSchema":"1a1c01bbd47fc00a2c39e90264f33305004495a9","hash":"9f5445746e69e81d6dd35ea20f4158eadaaafa27"}
,"/Users/blue/Desktop/code/aptiv/aptiv-test/app/controllers/bookingController.js": {"path":"/Users/blue/Desktop/code/aptiv/aptiv-test/app/controllers/bookingController.js","statementMap":{"0":{"start":{"line":1,"column":12},"end":{"line":1,"column":32}},"1":{"start":{"line":2,"column":17},"end":{"line":2,"column":47}},"2":{"start":{"line":3,"column":21},"end":{"line":3,"column":43}},"3":{"start":{"line":4,"column":23},"end":{"line":4,"column":60}},"4":{"start":{"line":7,"column":15},"end":{"line":10,"column":2}},"5":{"start":{"line":12,"column":0},"end":{"line":46,"column":1}},"6":{"start":{"line":14,"column":19},"end":{"line":14,"column":44}},"7":{"start":{"line":16,"column":4},"end":{"line":45,"column":5}},"8":{"start":{"line":17,"column":8},"end":{"line":19,"column":11}},"9":{"start":{"line":23,"column":8},"end":{"line":44,"column":35}},"10":{"start":{"line":24,"column":12},"end":{"line":24,"column":100}},"11":{"start":{"line":25,"column":8},"end":{"line":43,"column":9}},"12":{"start":{"line":27,"column":37},"end":{"line":27,"column":135}},"13":{"start":{"line":29,"column":31},"end":{"line":29,"column":118}},"14":{"start":{"line":31,"column":12},"end":{"line":40,"column":15}},"15":{"start":{"line":32,"column":16},"end":{"line":39,"column":17}},"16":{"start":{"line":33,"column":20},"end":{"line":36,"column":23}},"17":{"start":{"line":38,"column":20},"end":{"line":38,"column":33}},"18":{"start":{"line":42,"column":12},"end":{"line":42,"column":25}},"19":{"start":{"line":44,"column":24},"end":{"line":44,"column":33}},"20":{"start":{"line":48,"column":0},"end":{"line":53,"column":1}},"21":{"start":{"line":49,"column":19},"end":{"line":49,"column":45}},"22":{"start":{"line":50,"column":4},"end":{"line":52,"column":7}}},"fnMap":{"0":{"name":"(anonymous_0)","decl":{"start":{"line":12,"column":25},"end":{"line":12,"column":26}},"loc":{"start":{"line":12,"column":45},"end":{"line":46,"column":1}},"line":12},"1":{"name":"(anonymous_1)","decl":{"start":{"line":23,"column":43},"end":{"line":23,"column":44}},"loc":{"start":{"line":23,"column":62},"end":{"line":44,"column":9}},"line":23},"2":{"name":"(anonymous_2)","decl":{"start":{"line":31,"column":28},"end":{"line":31,"column":29}},"loc":{"start":{"line":31,"column":40},"end":{"line":40,"column":13}},"line":31},"3":{"name":"(anonymous_3)","decl":{"start":{"line":44,"column":17},"end":{"line":44,"column":18}},"loc":{"start":{"line":44,"column":24},"end":{"line":44,"column":33}},"line":44},"4":{"name":"(anonymous_4)","decl":{"start":{"line":48,"column":23},"end":{"line":48,"column":24}},"loc":{"start":{"line":48,"column":37},"end":{"line":53,"column":1}},"line":48}},"branchMap":{"0":{"loc":{"start":{"line":16,"column":4},"end":{"line":45,"column":5}},"type":"if","locations":[{"start":{"line":16,"column":4},"end":{"line":45,"column":5}},{"start":{"line":16,"column":4},"end":{"line":45,"column":5}}],"line":16},"1":{"loc":{"start":{"line":16,"column":26},"end":{"line":16,"column":43}},"type":"binary-expr","locations":[{"start":{"line":16,"column":26},"end":{"line":16,"column":30}},{"start":{"line":16,"column":34},"end":{"line":16,"column":43}}],"line":16},"2":{"loc":{"start":{"line":25,"column":8},"end":{"line":43,"column":9}},"type":"if","locations":[{"start":{"line":25,"column":8},"end":{"line":43,"column":9}},{"start":{"line":25,"column":8},"end":{"line":43,"column":9}}],"line":25},"3":{"loc":{"start":{"line":32,"column":16},"end":{"line":39,"column":17}},"type":"if","locations":[{"start":{"line":32,"column":16},"end":{"line":39,"column":17}},{"start":{"line":32,"column":16},"end":{"line":39,"column":17}}],"line":32}},"s":{"0":3,"1":3,"2":3,"3":3,"4":3,"5":3,"6":2,"7":2,"8":1,"9":1,"10":1,"11":1,"12":1,"13":1,"14":1,"15":1,"16":1,"17":0,"18":0,"19":0,"20":3,"21":1,"22":1},"f":{"0":2,"1":1,"2":1,"3":0,"4":1},"b":{"0":[1,1],"1":[2,2],"2":[1,0],"3":[1,0]},"_coverageSchema":"1a1c01bbd47fc00a2c39e90264f33305004495a9","hash":"8f535ea9809fc319382b6d30adfcb8f130b440f0"}
,"/Users/blue/Desktop/code/aptiv/aptiv-test/app/controllers/resetController.js": {"path":"/Users/blue/Desktop/code/aptiv/aptiv-test/app/controllers/resetController.js","statementMap":{"0":{"start":{"line":1,"column":17},"end":{"line":1,"column":47}},"1":{"start":{"line":2,"column":21},"end":{"line":2,"column":51}},"2":{"start":{"line":5,"column":0},"end":{"line":15,"column":2}},"3":{"start":{"line":7,"column":21},"end":{"line":7,"column":51}},"4":{"start":{"line":8,"column":4},"end":{"line":14,"column":31}},"5":{"start":{"line":9,"column":8},"end":{"line":13,"column":9}},"6":{"start":{"line":10,"column":12},"end":{"line":12,"column":15}},"7":{"start":{"line":14,"column":20},"end":{"line":14,"column":29}}},"fnMap":{"0":{"name":"(anonymous_0)","decl":{"start":{"line":5,"column":26},"end":{"line":5,"column":27}},"loc":{"start":{"line":5,"column":46},"end":{"line":15,"column":1}},"line":5},"1":{"name":"(anonymous_1)","decl":{"start":{"line":8,"column":18},"end":{"line":8,"column":19}},"loc":{"start":{"line":8,"column":30},"end":{"line":14,"column":5}},"line":8},"2":{"name":"(anonymous_2)","decl":{"start":{"line":14,"column":13},"end":{"line":14,"column":14}},"loc":{"start":{"line":14,"column":20},"end":{"line":14,"column":29}},"line":14}},"branchMap":{"0":{"loc":{"start":{"line":9,"column":8},"end":{"line":13,"column":9}},"type":"if","locations":[{"start":{"line":9,"column":8},"end":{"line":13,"column":9}},{"start":{"line":9,"column":8},"end":{"line":13,"column":9}}],"line":9}},"s":{"0":3,"1":3,"2":3,"3":1,"4":1,"5":1,"6":1,"7":0},"f":{"0":1,"1":1,"2":0},"b":{"0":[1,0]},"_coverageSchema":"1a1c01bbd47fc00a2c39e90264f33305004495a9","hash":"f463fba7e3faf5115879943612c589fd3841e2b5"}
,"/Users/blue/Desktop/code/aptiv/aptiv-test/app/controllers/tickController.js": {"path":"/Users/blue/Desktop/code/aptiv/aptiv-test/app/controllers/tickController.js","statementMap":{"0":{"start":{"line":1,"column":17},"end":{"line":1,"column":47}},"1":{"start":{"line":2,"column":20},"end":{"line":2,"column":54}},"2":{"start":{"line":6,"column":0},"end":{"line":15,"column":2}},"3":{"start":{"line":8,"column":27},"end":{"line":8,"column":56}},"4":{"start":{"line":10,"column":4},"end":{"line":14,"column":31}},"5":{"start":{"line":11,"column":12},"end":{"line":13,"column":15}},"6":{"start":{"line":14,"column":20},"end":{"line":14,"column":29}}},"fnMap":{"0":{"name":"(anonymous_0)","decl":{"start":{"line":6,"column":24},"end":{"line":6,"column":25}},"loc":{"start":{"line":6,"column":44},"end":{"line":15,"column":1}},"line":6},"1":{"name":"(anonymous_1)","decl":{"start":{"line":10,"column":24},"end":{"line":10,"column":25}},"loc":{"start":{"line":10,"column":36},"end":{"line":14,"column":5}},"line":10},"2":{"name":"(anonymous_2)","decl":{"start":{"line":14,"column":13},"end":{"line":14,"column":14}},"loc":{"start":{"line":14,"column":20},"end":{"line":14,"column":29}},"line":14}},"branchMap":{},"s":{"0":3,"1":3,"2":3,"3":1,"4":1,"5":1,"6":0},"f":{"0":1,"1":1,"2":0},"b":{},"_coverageSchema":"1a1c01bbd47fc00a2c39e90264f33305004495a9","hash":"1cffc2d551cf19ba93396a65d0439d22790db156"}
,"/Users/blue/Desktop/code/aptiv/aptiv-test/app/services/bookingService.js": {"path":"/Users/blue/Desktop/code/aptiv/aptiv-test/app/services/bookingService.js","statementMap":{"0":{"start":{"line":1,"column":17},"end":{"line":1,"column":47}},"1":{"start":{"line":5,"column":0},"end":{"line":9,"column":1}},"2":{"start":{"line":6,"column":4},"end":{"line":8,"column":7}},"3":{"start":{"line":7,"column":8},"end":{"line":7,"column":22}},"4":{"start":{"line":11,"column":0},"end":{"line":31,"column":1}},"5":{"start":{"line":13,"column":29},"end":{"line":13,"column":37}},"6":{"start":{"line":14,"column":23},"end":{"line":14,"column":27}},"7":{"start":{"line":16,"column":4},"end":{"line":25,"column":7}},"8":{"start":{"line":17,"column":24},"end":{"line":17,"column":63}},"9":{"start":{"line":19,"column":8},"end":{"line":24,"column":9}},"10":{"start":{"line":20,"column":12},"end":{"line":20,"column":41}},"11":{"start":{"line":21,"column":12},"end":{"line":21,"column":38}},"12":{"start":{"line":22,"column":14},"end":{"line":24,"column":9}},"13":{"start":{"line":23,"column":12},"end":{"line":23,"column":113}},"14":{"start":{"line":26,"column":4},"end":{"line":29,"column":13}},"15":{"start":{"line":33,"column":0},"end":{"line":39,"column":1}},"16":{"start":{"line":35,"column":36},"end":{"line":35,"column":79}},"17":{"start":{"line":36,"column":29},"end":{"line":36,"column":66}},"18":{"start":{"line":37,"column":4},"end":{"line":37,"column":28}},"19":{"start":{"line":41,"column":0},"end":{"line":45,"column":1}},"20":{"start":{"line":42,"column":4},"end":{"line":44,"column":7}},"21":{"start":{"line":43,"column":8},"end":{"line":43,"column":22}}},"fnMap":{"0":{"name":"(anonymous_0)","decl":{"start":{"line":5,"column":23},"end":{"line":5,"column":24}},"loc":{"start":{"line":5,"column":29},"end":{"line":9,"column":1}},"line":5},"1":{"name":"(anonymous_1)","decl":{"start":{"line":6,"column":40},"end":{"line":6,"column":41}},"loc":{"start":{"line":6,"column":52},"end":{"line":8,"column":5}},"line":6},"2":{"name":"(anonymous_2)","decl":{"start":{"line":11,"column":31},"end":{"line":11,"column":32}},"loc":{"start":{"line":11,"column":58},"end":{"line":31,"column":1}},"line":11},"3":{"name":"(anonymous_3)","decl":{"start":{"line":16,"column":26},"end":{"line":16,"column":27}},"loc":{"start":{"line":16,"column":39},"end":{"line":25,"column":5}},"line":16},"4":{"name":"(anonymous_4)","decl":{"start":{"line":33,"column":23},"end":{"line":33,"column":24}},"loc":{"start":{"line":33,"column":61},"end":{"line":39,"column":1}},"line":33},"5":{"name":"(anonymous_5)","decl":{"start":{"line":41,"column":18},"end":{"line":41,"column":19}},"loc":{"start":{"line":41,"column":60},"end":{"line":45,"column":1}},"line":41},"6":{"name":"(anonymous_6)","decl":{"start":{"line":42,"column":71},"end":{"line":42,"column":72}},"loc":{"start":{"line":42,"column":83},"end":{"line":44,"column":5}},"line":42}},"branchMap":{"0":{"loc":{"start":{"line":19,"column":8},"end":{"line":24,"column":9}},"type":"if","locations":[{"start":{"line":19,"column":8},"end":{"line":24,"column":9}},{"start":{"line":19,"column":8},"end":{"line":24,"column":9}}],"line":19},"1":{"loc":{"start":{"line":22,"column":14},"end":{"line":24,"column":9}},"type":"if","locations":[{"start":{"line":22,"column":14},"end":{"line":24,"column":9}},{"start":{"line":22,"column":14},"end":{"line":24,"column":9}}],"line":22},"2":{"loc":{"start":{"line":23,"column":27},"end":{"line":23,"column":112}},"type":"cond-expr","locations":[{"start":{"line":23,"column":43},"end":{"line":23,"column":98}},{"start":{"line":23,"column":102},"end":{"line":23,"column":112}}],"line":23},"3":{"loc":{"start":{"line":23,"column":43},"end":{"line":23,"column":98}},"type":"cond-expr","locations":[{"start":{"line":23,"column":73},"end":{"line":23,"column":83}},{"start":{"line":23,"column":86},"end":{"line":23,"column":98}}],"line":23}},"s":{"0":4,"1":4,"2":2,"3":2,"4":4,"5":3,"6":3,"7":3,"8":6,"9":6,"10":4,"11":4,"12":2,"13":1,"14":3,"15":4,"16":2,"17":2,"18":2,"19":4,"20":2,"21":2},"f":{"0":2,"1":2,"2":3,"3":6,"4":2,"5":2,"6":2},"b":{"0":[4,2],"1":[1,1],"2":[1,0],"3":[0,1]},"_coverageSchema":"1a1c01bbd47fc00a2c39e90264f33305004495a9","hash":"590e4a442685326953fe09578c0db29016049021"}
,"/Users/blue/Desktop/code/aptiv/aptiv-test/app/services/default.js": {"path":"/Users/blue/Desktop/code/aptiv/aptiv-test/app/services/default.js","statementMap":{"0":{"start":{"line":1,"column":22},"end":{"line":1,"column":52}},"1":{"start":{"line":3,"column":19},"end":{"line":3,"column":21}},"2":{"start":{"line":10,"column":0},"end":{"line":18,"column":4}},"3":{"start":{"line":11,"column":4},"end":{"line":17,"column":6}},"4":{"start":{"line":24,"column":0},"end":{"line":32,"column":4}},"5":{"start":{"line":25,"column":4},"end":{"line":25,"column":26}},"6":{"start":{"line":28,"column":4},"end":{"line":30,"column":5}},"7":{"start":{"line":28,"column":17},"end":{"line":28,"column":18}},"8":{"start":{"line":29,"column":8},"end":{"line":29,"column":52}},"9":{"start":{"line":31,"column":4},"end":{"line":31,"column":30}},"10":{"start":{"line":39,"column":0},"end":{"line":45,"column":1}},"11":{"start":{"line":41,"column":21},"end":{"line":43,"column":6}},"12":{"start":{"line":42,"column":8},"end":{"line":42,"column":77}},"13":{"start":{"line":42,"column":52},"end":{"line":42,"column":74}},"14":{"start":{"line":44,"column":4},"end":{"line":44,"column":20}},"15":{"start":{"line":52,"column":0},"end":{"line":56,"column":2}},"16":{"start":{"line":55,"column":4},"end":{"line":55,"column":77}},"17":{"start":{"line":64,"column":0},"end":{"line":75,"column":2}},"18":{"start":{"line":65,"column":4},"end":{"line":74,"column":7}},"19":{"start":{"line":66,"column":8},"end":{"line":66,"column":34}},"20":{"start":{"line":67,"column":8},"end":{"line":67,"column":34}},"21":{"start":{"line":68,"column":8},"end":{"line":70,"column":9}},"22":{"start":{"line":68,"column":21},"end":{"line":68,"column":22}},"23":{"start":{"line":69,"column":12},"end":{"line":69,"column":55}},"24":{"start":{"line":72,"column":8},"end":{"line":72,"column":68}},"25":{"start":{"line":73,"column":8},"end":{"line":73,"column":22}},"26":{"start":{"line":84,"column":0},"end":{"line":95,"column":2}},"27":{"start":{"line":85,"column":4},"end":{"line":94,"column":7}},"28":{"start":{"line":86,"column":8},"end":{"line":86,"column":30}},"29":{"start":{"line":87,"column":8},"end":{"line":92,"column":11}},"30":{"start":{"line":88,"column":12},"end":{"line":89,"column":40}},"31":{"start":{"line":89,"column":16},"end":{"line":89,"column":40}},"32":{"start":{"line":90,"column":12},"end":{"line":91,"column":41}},"33":{"start":{"line":91,"column":16},"end":{"line":91,"column":41}},"34":{"start":{"line":93,"column":8},"end":{"line":93,"column":37}},"35":{"start":{"line":109,"column":0},"end":{"line":121,"column":1}},"36":{"start":{"line":111,"column":4},"end":{"line":120,"column":7}},"37":{"start":{"line":112,"column":8},"end":{"line":119,"column":11}},"38":{"start":{"line":114,"column":12},"end":{"line":114,"column":34}},"39":{"start":{"line":115,"column":12},"end":{"line":115,"column":40}},"40":{"start":{"line":116,"column":12},"end":{"line":116,"column":40}},"41":{"start":{"line":117,"column":12},"end":{"line":117,"column":44}},"42":{"start":{"line":118,"column":12},"end":{"line":118,"column":26}},"43":{"start":{"line":130,"column":0},"end":{"line":132,"column":1}},"44":{"start":{"line":131,"column":4},"end":{"line":131,"column":36}},"45":{"start":{"line":138,"column":0},"end":{"line":140,"column":1}},"46":{"start":{"line":139,"column":4},"end":{"line":139,"column":24}},"47":{"start":{"line":147,"column":0},"end":{"line":154,"column":2}},"48":{"start":{"line":149,"column":20},"end":{"line":151,"column":6}},"49":{"start":{"line":150,"column":8},"end":{"line":150,"column":69}},"50":{"start":{"line":150,"column":50},"end":{"line":150,"column":66}},"51":{"start":{"line":153,"column":4},"end":{"line":153,"column":19}}},"fnMap":{"0":{"name":"(anonymous_0)","decl":{"start":{"line":10,"column":18},"end":{"line":10,"column":19}},"loc":{"start":{"line":10,"column":26},"end":{"line":18,"column":3}},"line":10},"1":{"name":"(anonymous_1)","decl":{"start":{"line":24,"column":29},"end":{"line":24,"column":30}},"loc":{"start":{"line":24,"column":41},"end":{"line":32,"column":3}},"line":24},"2":{"name":"(anonymous_2)","decl":{"start":{"line":39,"column":23},"end":{"line":39,"column":24}},"loc":{"start":{"line":39,"column":29},"end":{"line":45,"column":1}},"line":39},"3":{"name":"(anonymous_3)","decl":{"start":{"line":41,"column":33},"end":{"line":41,"column":34}},"loc":{"start":{"line":41,"column":54},"end":{"line":43,"column":5}},"line":41},"4":{"name":"(anonymous_4)","decl":{"start":{"line":42,"column":45},"end":{"line":42,"column":46}},"loc":{"start":{"line":42,"column":52},"end":{"line":42,"column":74}},"line":42},"5":{"name":"(anonymous_5)","decl":{"start":{"line":52,"column":24},"end":{"line":52,"column":25}},"loc":{"start":{"line":52,"column":49},"end":{"line":56,"column":1}},"line":52},"6":{"name":"(anonymous_6)","decl":{"start":{"line":64,"column":26},"end":{"line":64,"column":27}},"loc":{"start":{"line":64,"column":32},"end":{"line":75,"column":1}},"line":64},"7":{"name":"(anonymous_7)","decl":{"start":{"line":65,"column":23},"end":{"line":65,"column":24}},"loc":{"start":{"line":65,"column":44},"end":{"line":74,"column":5}},"line":65},"8":{"name":"(anonymous_8)","decl":{"start":{"line":84,"column":26},"end":{"line":84,"column":27}},"loc":{"start":{"line":84,"column":32},"end":{"line":95,"column":1}},"line":84},"9":{"name":"(anonymous_9)","decl":{"start":{"line":85,"column":23},"end":{"line":85,"column":24}},"loc":{"start":{"line":85,"column":45},"end":{"line":94,"column":5}},"line":85},"10":{"name":"(anonymous_10)","decl":{"start":{"line":87,"column":38},"end":{"line":87,"column":39}},"loc":{"start":{"line":87,"column":54},"end":{"line":92,"column":9}},"line":87},"11":{"name":"(anonymous_11)","decl":{"start":{"line":109,"column":18},"end":{"line":109,"column":19}},"loc":{"start":{"line":109,"column":61},"end":{"line":121,"column":1}},"line":109},"12":{"name":"(anonymous_12)","decl":{"start":{"line":111,"column":23},"end":{"line":111,"column":24}},"loc":{"start":{"line":111,"column":44},"end":{"line":120,"column":5}},"line":111},"13":{"name":"(anonymous_13)","decl":{"start":{"line":112,"column":36},"end":{"line":112,"column":37}},"loc":{"start":{"line":112,"column":45},"end":{"line":119,"column":9}},"line":112},"14":{"name":"(anonymous_14)","decl":{"start":{"line":130,"column":26},"end":{"line":130,"column":27}},"loc":{"start":{"line":130,"column":48},"end":{"line":132,"column":1}},"line":130},"15":{"name":"(anonymous_15)","decl":{"start":{"line":138,"column":26},"end":{"line":138,"column":27}},"loc":{"start":{"line":138,"column":32},"end":{"line":140,"column":1}},"line":138},"16":{"name":"(anonymous_16)","decl":{"start":{"line":147,"column":21},"end":{"line":147,"column":22}},"loc":{"start":{"line":147,"column":32},"end":{"line":154,"column":1}},"line":147},"17":{"name":"(anonymous_17)","decl":{"start":{"line":149,"column":32},"end":{"line":149,"column":33}},"loc":{"start":{"line":149,"column":53},"end":{"line":151,"column":5}},"line":149},"18":{"name":"(anonymous_18)","decl":{"start":{"line":150,"column":43},"end":{"line":150,"column":44}},"loc":{"start":{"line":150,"column":50},"end":{"line":150,"column":66}},"line":150}},"branchMap":{"0":{"loc":{"start":{"line":88,"column":12},"end":{"line":89,"column":40}},"type":"if","locations":[{"start":{"line":88,"column":12},"end":{"line":89,"column":40}},{"start":{"line":88,"column":12},"end":{"line":89,"column":40}}],"line":88},"1":{"loc":{"start":{"line":90,"column":12},"end":{"line":91,"column":41}},"type":"if","locations":[{"start":{"line":90,"column":12},"end":{"line":91,"column":41}},{"start":{"line":90,"column":12},"end":{"line":91,"column":41}}],"line":90}},"s":{"0":5,"1":5,"2":5,"3":10,"4":5,"5":7,"6":7,"7":7,"8":17,"9":7,"10":5,"11":3,"12":3,"13":7,"14":3,"15":5,"16":13,"17":5,"18":3,"19":3,"20":3,"21":3,"22":3,"23":6,"24":3,"25":3,"26":5,"27":2,"28":2,"29":2,"30":3,"31":2,"32":3,"33":2,"34":2,"35":5,"36":3,"37":3,"38":3,"39":3,"40":3,"41":3,"42":3,"43":5,"44":11,"45":5,"46":6,"47":5,"48":3,"49":3,"50":6,"51":3},"f":{"0":10,"1":7,"2":3,"3":3,"4":7,"5":13,"6":3,"7":3,"8":2,"9":2,"10":3,"11":3,"12":3,"13":3,"14":11,"15":6,"16":3,"17":3,"18":6},"b":{"0":[2,1],"1":[2,1]},"_coverageSchema":"1a1c01bbd47fc00a2c39e90264f33305004495a9","hash":"3aa83ce23c9588bcf442c8dc40e7853ffbeb075e"}
,"/Users/blue/Desktop/code/aptiv/aptiv-test/app/services/tickService.js": {"path":"/Users/blue/Desktop/code/aptiv/aptiv-test/app/services/tickService.js","statementMap":{"0":{"start":{"line":1,"column":17},"end":{"line":1,"column":47}},"1":{"start":{"line":4,"column":0},"end":{"line":10,"column":1}},"2":{"start":{"line":6,"column":4},"end":{"line":8,"column":7}},"3":{"start":{"line":7,"column":8},"end":{"line":7,"column":22}}},"fnMap":{"0":{"name":"(anonymous_0)","decl":{"start":{"line":4,"column":26},"end":{"line":4,"column":27}},"loc":{"start":{"line":4,"column":32},"end":{"line":10,"column":1}},"line":4},"1":{"name":"(anonymous_1)","decl":{"start":{"line":6,"column":43},"end":{"line":6,"column":44}},"loc":{"start":{"line":6,"column":55},"end":{"line":8,"column":5}},"line":6}},"branchMap":{},"s":{"0":3,"1":3,"2":1,"3":1},"f":{"0":1,"1":1},"b":{},"_coverageSchema":"1a1c01bbd47fc00a2c39e90264f33305004495a9","hash":"2852c9d49578fb1125e7d91fc3be66273ea1a581"}
,"/Users/blue/Desktop/code/aptiv/aptiv-test/config/config.js": {"path":"/Users/blue/Desktop/code/aptiv/aptiv-test/config/config.js","statementMap":{"0":{"start":{"line":1,"column":0},"end":{"line":7,"column":4}}},"fnMap":{},"branchMap":{},"s":{"0":5},"f":{},"b":{},"_coverageSchema":"1a1c01bbd47fc00a2c39e90264f33305004495a9","hash":"28beb54b10792b9c29a89b08bc5f43f804f76fdb"}
}
