TN:
SF:app.js
FNF:0
FNH:0
DA:1,3
DA:2,3
DA:3,3
DA:4,3
DA:5,3
DA:8,3
DA:9,3
DA:12,3
DA:14,3
DA:16,3
DA:17,3
DA:19,3
DA:21,3
DA:22,3
DA:25,3
LF:15
LH:15
BRF:0
BRH:0
end_of_record
TN:
SF:app/routes.js
FNF:0
FNH:0
DA:1,3
DA:2,3
DA:5,3
DA:6,3
DA:7,3
DA:9,3
DA:10,3
DA:11,3
DA:12,3
DA:14,3
LF:10
LH:10
BRF:0
BRH:0
end_of_record
TN:
SF:app/controllers/bookingController.js
FN:12,(anonymous_0)
FN:23,(anonymous_1)
FN:31,(anonymous_2)
FN:44,(anonymous_3)
FN:48,(anonymous_4)
FNF:5
FNH:4
FNDA:2,(anonymous_0)
FNDA:1,(anonymous_1)
FNDA:1,(anonymous_2)
FNDA:0,(anonymous_3)
FNDA:1,(anonymous_4)
DA:1,3
DA:2,3
DA:3,3
DA:4,3
DA:7,3
DA:12,3
DA:14,2
DA:16,2
DA:17,1
DA:23,1
DA:24,1
DA:25,1
DA:27,1
DA:29,1
DA:31,1
DA:32,1
DA:33,1
DA:38,0
DA:42,0
DA:44,0
DA:48,3
DA:49,1
DA:50,1
LF:23
LH:20
BRDA:16,0,0,1
BRDA:16,0,1,1
BRDA:16,1,0,2
BRDA:16,1,1,2
BRDA:25,2,0,1
BRDA:25,2,1,0
BRDA:32,3,0,1
BRDA:32,3,1,0
BRF:8
BRH:6
end_of_record
TN:
SF:app/controllers/resetController.js
FN:5,(anonymous_0)
FN:8,(anonymous_1)
FN:14,(anonymous_2)
FNF:3
FNH:2
FNDA:1,(anonymous_0)
FNDA:1,(anonymous_1)
FNDA:0,(anonymous_2)
DA:1,3
DA:2,3
DA:5,3
DA:7,1
DA:8,1
DA:9,1
DA:10,1
DA:14,0
LF:8
LH:7
BRDA:9,0,0,1
BRDA:9,0,1,0
BRF:2
BRH:1
end_of_record
TN:
SF:app/controllers/tickController.js
FN:6,(anonymous_0)
FN:10,(anonymous_1)
FN:14,(anonymous_2)
FNF:3
FNH:2
FNDA:1,(anonymous_0)
FNDA:1,(anonymous_1)
FNDA:0,(anonymous_2)
DA:1,3
DA:2,3
DA:6,3
DA:8,1
DA:10,1
DA:11,1
DA:14,0
LF:7
LH:6
BRF:0
BRH:0
end_of_record
TN:
SF:app/services/bookingService.js
FN:5,(anonymous_0)
FN:6,(anonymous_1)
FN:11,(anonymous_2)
FN:16,(anonymous_3)
FN:33,(anonymous_4)
FN:41,(anonymous_5)
FN:42,(anonymous_6)
FNF:7
FNH:7
FNDA:2,(anonymous_0)
FNDA:2,(anonymous_1)
FNDA:3,(anonymous_2)
FNDA:6,(anonymous_3)
FNDA:2,(anonymous_4)
FNDA:2,(anonymous_5)
FNDA:2,(anonymous_6)
DA:1,4
DA:5,4
DA:6,2
DA:7,2
DA:11,4
DA:13,3
DA:14,3
DA:16,3
DA:17,6
DA:19,6
DA:20,4
DA:21,4
DA:22,2
DA:23,1
DA:26,3
DA:33,4
DA:35,2
DA:36,2
DA:37,2
DA:41,4
DA:42,2
DA:43,2
LF:22
LH:22
BRDA:19,0,0,4
BRDA:19,0,1,2
BRDA:22,1,0,1
BRDA:22,1,1,1
BRDA:23,2,0,1
BRDA:23,2,1,0
BRDA:23,3,0,0
BRDA:23,3,1,1
BRF:8
BRH:6
end_of_record
TN:
SF:app/services/default.js
FN:10,(anonymous_0)
FN:24,(anonymous_1)
FN:39,(anonymous_2)
FN:41,(anonymous_3)
FN:42,(anonymous_4)
FN:52,(anonymous_5)
FN:64,(anonymous_6)
FN:65,(anonymous_7)
FN:84,(anonymous_8)
FN:85,(anonymous_9)
FN:87,(anonymous_10)
FN:109,(anonymous_11)
FN:111,(anonymous_12)
FN:112,(anonymous_13)
FN:130,(anonymous_14)
FN:138,(anonymous_15)
FN:147,(anonymous_16)
FN:149,(anonymous_17)
FN:150,(anonymous_18)
FNF:19
FNH:19
FNDA:10,(anonymous_0)
FNDA:7,(anonymous_1)
FNDA:3,(anonymous_2)
FNDA:3,(anonymous_3)
FNDA:7,(anonymous_4)
FNDA:13,(anonymous_5)
FNDA:3,(anonymous_6)
FNDA:3,(anonymous_7)
FNDA:2,(anonymous_8)
FNDA:2,(anonymous_9)
FNDA:3,(anonymous_10)
FNDA:3,(anonymous_11)
FNDA:3,(anonymous_12)
FNDA:3,(anonymous_13)
FNDA:11,(anonymous_14)
FNDA:6,(anonymous_15)
FNDA:3,(anonymous_16)
FNDA:3,(anonymous_17)
FNDA:6,(anonymous_18)
DA:1,5
DA:3,5
DA:10,5
DA:11,10
DA:24,5
DA:25,7
DA:28,7
DA:29,17
DA:31,7
DA:39,5
DA:41,3
DA:42,7
DA:44,3
DA:52,5
DA:55,13
DA:64,5
DA:65,3
DA:66,3
DA:67,3
DA:68,3
DA:69,6
DA:72,3
DA:73,3
DA:84,5
DA:85,2
DA:86,2
DA:87,2
DA:88,3
DA:89,2
DA:90,3
DA:91,2
DA:93,2
DA:109,5
DA:111,3
DA:112,3
DA:114,3
DA:115,3
DA:116,3
DA:117,3
DA:118,3
DA:130,5
DA:131,11
DA:138,5
DA:139,6
DA:147,5
DA:149,3
DA:150,6
DA:153,3
LF:48
LH:48
BRDA:88,0,0,2
BRDA:88,0,1,1
BRDA:90,1,0,2
BRDA:90,1,1,1
BRF:4
BRH:4
end_of_record
TN:
SF:app/services/tickService.js
FN:4,(anonymous_0)
FN:6,(anonymous_1)
FNF:2
FNH:2
FNDA:1,(anonymous_0)
FNDA:1,(anonymous_1)
DA:1,3
DA:4,3
DA:6,1
DA:7,1
LF:4
LH:4
BRF:0
BRH:0
end_of_record
TN:
SF:config/config.js
FNF:0
FNH:0
DA:1,5
LF:1
LH:1
BRF:0
BRH:0
end_of_record
