TN:
SF:app.js
FNF:0
FNH:0
DA:1,3
DA:2,3
DA:3,3
DA:4,3
DA:5,3
DA:8,3
DA:9,3
DA:12,3
DA:14,3
DA:16,3
DA:17,3
DA:19,3
DA:21,3
DA:22,3
DA:25,3
LF:15
LH:15
BRF:0
BRH:0
end_of_record
TN:
SF:app/routes.js
FNF:0
FNH:0
DA:1,3
DA:2,3
DA:5,3
DA:6,3
DA:7,3
DA:9,3
DA:10,3
DA:11,3
DA:12,3
DA:14,3
LF:10
LH:10
BRF:0
BRH:0
end_of_record
TN:
SF:app/controllers/bookingController.js
FN:11,(anonymous_0)
FN:23,(anonymous_1)
FN:26,(anonymous_2)
FN:48,(anonymous_3)
FN:59,(anonymous_4)
FN:64,(anonymous_5)
FNF:6
FNH:2
FNDA:1,(anonymous_0)
FNDA:0,(anonymous_1)
FNDA:0,(anonymous_2)
FNDA:0,(anonymous_3)
FNDA:0,(anonymous_4)
FNDA:1,(anonymous_5)
DA:1,3
DA:2,3
DA:3,3
DA:6,3
DA:11,3
DA:12,1
DA:13,1
DA:15,1
DA:16,1
DA:21,0
DA:22,0
DA:23,0
DA:26,0
DA:27,0
DA:30,0
DA:31,0
DA:32,0
DA:33,0
DA:34,0
DA:38,0
DA:42,0
DA:44,0
DA:46,0
DA:48,0
DA:49,0
DA:56,0
DA:59,0
DA:64,3
DA:65,1
DA:66,1
LF:30
LH:12
BRDA:15,0,0,1
BRDA:15,0,1,0
BRDA:15,1,0,1
BRDA:15,1,1,1
BRDA:30,2,0,0
BRDA:30,2,1,0
BRDA:33,3,0,0
BRDA:33,3,1,0
BRDA:34,4,0,0
BRDA:34,4,1,0
BRDA:34,5,0,0
BRDA:34,5,1,0
BRDA:38,6,0,0
BRDA:38,6,1,0
BRF:14
BRH:3
end_of_record
TN:
SF:app/controllers/resetController.js
FN:4,(anonymous_0)
FN:9,(anonymous_1)
FN:13,(anonymous_2)
FNF:3
FNH:2
FNDA:1,(anonymous_0)
FNDA:1,(anonymous_1)
FNDA:0,(anonymous_2)
DA:1,3
DA:4,3
DA:6,1
DA:8,1
DA:9,1
DA:10,1
DA:13,0
LF:7
LH:6
BRF:0
BRH:0
end_of_record
TN:
SF:app/controllers/tickController.js
FN:5,(anonymous_0)
FN:7,(anonymous_1)
FN:12,(anonymous_2)
FNF:3
FNH:2
FNDA:1,(anonymous_0)
FNDA:1,(anonymous_1)
FNDA:0,(anonymous_2)
DA:1,3
DA:5,3
DA:6,1
DA:8,1
DA:12,0
LF:5
LH:4
BRF:0
BRH:0
end_of_record
TN:
SF:app/helper/default.js
FN:10,(anonymous_0)
FN:24,(anonymous_1)
FN:39,(anonymous_2)
FN:41,(anonymous_3)
FN:42,(anonymous_4)
FN:52,(anonymous_5)
FN:64,(anonymous_6)
FN:65,(anonymous_7)
FN:84,(anonymous_8)
FN:85,(anonymous_9)
FN:87,(anonymous_10)
FN:109,(anonymous_11)
FN:110,(anonymous_12)
FN:111,(anonymous_13)
FN:129,(anonymous_14)
FN:137,(anonymous_15)
FN:146,(anonymous_16)
FN:147,(anonymous_17)
FN:148,(anonymous_18)
FNF:19
FNH:19
FNDA:10,(anonymous_0)
FNDA:7,(anonymous_1)
FNDA:1,(anonymous_2)
FNDA:1,(anonymous_3)
FNDA:2,(anonymous_4)
FNDA:5,(anonymous_5)
FNDA:3,(anonymous_6)
FNDA:3,(anonymous_7)
FNDA:2,(anonymous_8)
FNDA:2,(anonymous_9)
FNDA:3,(anonymous_10)
FNDA:1,(anonymous_11)
FNDA:1,(anonymous_12)
FNDA:1,(anonymous_13)
FNDA:6,(anonymous_14)
FNDA:6,(anonymous_15)
FNDA:1,(anonymous_16)
FNDA:1,(anonymous_17)
FNDA:2,(anonymous_18)
DA:1,4
DA:3,4
DA:10,4
DA:11,10
DA:24,4
DA:25,7
DA:28,7
DA:29,17
DA:31,7
DA:39,4
DA:41,1
DA:42,2
DA:44,1
DA:52,4
DA:55,5
DA:64,4
DA:65,3
DA:66,3
DA:67,3
DA:68,3
DA:69,6
DA:72,3
DA:73,3
DA:84,4
DA:85,2
DA:86,2
DA:87,2
DA:88,3
DA:89,2
DA:90,3
DA:91,2
DA:93,2
DA:109,4
DA:110,1
DA:111,1
DA:113,1
DA:114,1
DA:115,1
DA:116,1
DA:117,1
DA:129,4
DA:130,6
DA:137,4
DA:138,6
DA:146,4
DA:147,1
DA:148,2
DA:151,1
LF:48
LH:48
BRDA:88,0,0,2
BRDA:88,0,1,1
BRDA:90,1,0,2
BRDA:90,1,1,1
BRF:4
BRH:4
end_of_record
TN:
SF:config/config.js
FNF:0
FNH:0
DA:1,4
LF:1
LH:1
BRF:0
BRH:0
end_of_record
